#
# There is insufficient memory for the Java Runtime Environment to continue.
# Native memory allocation (malloc) failed to allocate 1048576 bytes for AllocateHeap
# Possible reasons:
#   The system is out of physical RAM or swap space
#   In 32 bit mode, the process size limit was hit
# Possible solutions:
#   Reduce memory load on the system
#   Increase physical memory or swap space
#   Check if swap backing store is full
#   Use 64 bit Java on a 64 bit OS
#   Decrease Java heap size (-Xmx/-Xms)
#   Decrease number of Java threads
#   Decrease Java thread stack sizes (-Xss)
#   Set larger code cache with -XX:ReservedCodeCacheSize=
# This output file may be truncated or incomplete.
#
#  Out of Memory Error (memory/allocation.inline.hpp:61), pid=8540, tid=0x0000000000001a1c
#
# JRE version:  (8.0_121-b13) (build )
# Java VM: Java HotSpot(TM) 64-Bit Server VM (25.121-b13 mixed mode windows-amd64 compressed oops)
# Failed to write core dump. Minidumps are not enabled by default on client versions of Windows
#

---------------  T H R E A D  ---------------

Current thread (0x0000000000bbe000):  JavaThread "Unknown thread" [_thread_in_vm, id=6684, stack(0x0000000002390000,0x0000000002490000)]

Stack: [0x0000000002390000,0x0000000002490000]
[error occurred during error reporting (printing stack bounds), id 0xc0000005]

Native frames: (J=compiled Java code, j=interpreted, Vv=VM code, C=native code)


---------------  P R O C E S S  ---------------

Java Threads: ( => current thread )

Other Threads:

=>0x0000000000bbe000 (exited) JavaThread "Unknown thread" [_thread_in_vm, id=6684, stack(0x0000000002390000,0x0000000002490000)]

VM state:not at safepoint (normal execution)

VM Mutex/Monitor currently owned by a thread: None

Heap:
 PSYoungGen      total 4608K, used 81K [0x00000000ffb00000, 0x0000000100000000, 0x0000000100000000)
  eden space 4096K, 2% used [0x00000000ffb00000,0x00000000ffb147b8,0x00000000fff00000)
  from space 512K, 0% used [0x00000000fff80000,0x00000000fff80000,0x0000000100000000)
  to   space 512K, 0% used [0x00000000fff00000,0x00000000fff00000,0x00000000fff80000)
 ParOldGen       total 11264K, used 0K [0x00000000ff000000, 0x00000000ffb00000, 0x00000000ffb00000)
  object space 11264K, 0% used [0x00000000ff000000,0x00000000ff000000,0x00000000ffb00000)
 Metaspace       used 770K, capacity 4480K, committed 4480K, reserved 1056768K
  class space    used 75K, capacity 384K, committed 384K, reserved 1048576K

Card table byte_map: [0x00000000024b0000,0x00000000024c0000] byte_map_base: 0x0000000001cb8000

Marking Bits: (ParMarkBitMap*) 0x0000000061e4b6d0
 Begin Bits: [0x0000000011dd0000, 0x0000000011e10000)
 End Bits:   [0x0000000011e10000, 0x0000000011e50000)

Polling page: 0x0000000000ba0000

CodeCache: size=245760Kb used=328Kb max_used=328Kb free=245431Kb
 bounds [0x0000000002610000, 0x0000000002880000, 0x0000000011610000]
 total_blobs=58 nmethods=0 adapters=38
 compilation: enabled

Compilation events (0 events):
No events

GC Heap History (0 events):
No events

Deoptimization events (0 events):
No events

Internal exceptions (0 events):
No events

Events (10 events):
Event: 0.028 loading class java/lang/Short
Event: 0.028 loading class java/lang/Short done
Event: 0.028 loading class java/lang/Integer
Event: 0.028 loading class java/lang/Integer done
Event: 0.028 loading class java/lang/Long
Event: 0.028 loading class java/lang/Long done
Event: 0.029 loading class java/lang/NullPointerException
Event: 0.029 loading class java/lang/NullPointerException done
Event: 0.029 loading class java/lang/ArithmeticException
Event: 0.029 loading class java/lang/ArithmeticException done


Dynamic libraries:
0x00007ff6f8b60000 - 0x00007ff6f8b97000 	C:\Program Files\Java\jdk1.8.0_121\bin\javaw.exe
0x00007ffa5dbb0000 - 0x00007ffa5dda8000 	C:\WINDOWS\SYSTEM32\ntdll.dll
0x00007ffa5daa0000 - 0x00007ffa5db62000 	C:\WINDOWS\System32\KERNEL32.DLL
0x00007ffa5b7f0000 - 0x00007ffa5bae6000 	C:\WINDOWS\System32\KERNELBASE.dll
0x00007ffa57c70000 - 0x00007ffa57d04000 	C:\WINDOWS\SYSTEM32\apphelp.dll
0x00007ffa5d820000 - 0x00007ffa5d8d1000 	C:\WINDOWS\System32\ADVAPI32.dll
0x00007ffa5c690000 - 0x00007ffa5c72e000 	C:\WINDOWS\System32\msvcrt.dll
0x00007ffa5bdc0000 - 0x00007ffa5be5f000 	C:\WINDOWS\System32\sechost.dll
0x00007ffa5c3c0000 - 0x00007ffa5c4e0000 	C:\WINDOWS\System32\RPCRT4.dll
0x00007ffa5baf0000 - 0x00007ffa5bb17000 	C:\WINDOWS\System32\bcrypt.dll
0x00007ffa5be60000 - 0x00007ffa5c001000 	C:\WINDOWS\System32\USER32.dll
0x00007ffa5b7c0000 - 0x00007ffa5b7e2000 	C:\WINDOWS\System32\win32u.dll
0x00007ffa5d740000 - 0x00007ffa5d76b000 	C:\WINDOWS\System32\GDI32.dll
0x00007ffa5b6a0000 - 0x00007ffa5b7b9000 	C:\WINDOWS\System32\gdi32full.dll
0x00007ffa5b600000 - 0x00007ffa5b69d000 	C:\WINDOWS\System32\msvcp_win.dll
0x00007ffa5b500000 - 0x00007ffa5b600000 	C:\WINDOWS\System32\ucrtbase.dll
0x00007ffa49210000 - 0x00007ffa494ab000 	C:\WINDOWS\WinSxS\amd64_microsoft.windows.common-controls_6595b64144ccf1df_6.0.19041.6456_none_60b8a6cb71f64256\COMCTL32.dll
0x00007ffa5c4f0000 - 0x00007ffa5c51f000 	C:\WINDOWS\System32\IMM32.DLL
0x0000000061ed0000 - 0x0000000061fa2000 	C:\Program Files\Java\jdk1.8.0_121\jre\bin\msvcr100.dll
0x0000000061630000 - 0x0000000061ecb000 	C:\Program Files\Java\jdk1.8.0_121\jre\bin\server\jvm.dll
0x00007ffa5c4e0000 - 0x00007ffa5c4e8000 	C:\WINDOWS\System32\PSAPI.DLL
0x00007ffa49900000 - 0x00007ffa49927000 	C:\WINDOWS\SYSTEM32\WINMM.dll
0x00007ffa4d630000 - 0x00007ffa4d63a000 	C:\WINDOWS\SYSTEM32\VERSION.dll
0x00007ffa53c70000 - 0x00007ffa53c79000 	C:\WINDOWS\SYSTEM32\WSOCK32.dll
0x00007ffa5c010000 - 0x00007ffa5c07b000 	C:\WINDOWS\System32\WS2_32.dll
0x0000000061620000 - 0x000000006162f000 	C:\Program Files\Java\jdk1.8.0_121\jre\bin\verify.dll
0x00000000615f0000 - 0x0000000061619000 	C:\Program Files\Java\jdk1.8.0_121\jre\bin\java.dll
0x00000000615d0000 - 0x00000000615e6000 	C:\Program Files\Java\jdk1.8.0_121\jre\bin\zip.dll

VM Arguments:
jvm_args: -Xmx16m 
java_command: org.eclipse.jdt.internal.launching.support.LibraryDetector
java_class_path (initial): C:\Users\Mohtaram\AppData\Roaming\Antigravity\User\globalStorage\redhat.java\1.52.0\config_ss_win\org.eclipse.osgi\39\0\.cp\lib\launchingsupport.jar
Launcher Type: SUN_STANDARD

Environment Variables:
PATH=C:\Program Files (x86)\Google\Chrome\Application;C:\WINDOWS\system32;C:\WINDOWS;C:\WINDOWS\System32\Wbem;C:\WINDOWS\System32\WindowsPowerShell\v1.0\;C:\Program Files\Java\jdk-11.0.28+6\bin;C:\Program Files\Java\jdk-11.0.13\bin;C:\WINDOWS\System32\OpenSSH\;C:\Program Files\Java\jdk1.8.0_121\bin;C:\HashiCorp\Vagrant\bin;C:\apache-maven-3.9.9\bin;C:\Program Files\Java\jdk-17\bin;C:\ProgramData\chocolatey\bin;C:\Users\Mohtaram\Desktop\Mohtaram_Doc\apache-maven-3.9.9\bin;C:\Program Files\Git\cmd;C:\Program Files\Git\bin;C:\Program Files\MongoDB\Server\8.0\bin;C:\Program Files\Docker\Docker\resources\bin;C:\IBM\wlp\bin;C:\Program Files\nodejs\;C:\Program Files\MySQL\MySQL Shell 8.0\bin\;C:\Users\Mohtaram\AppData\Local\Microsoft\WindowsApps;C:\Program Files\nodejs\;C:\Program Files\mongosh\;C:\Users\Mohtaram\AppData\Roaming\npm
USERNAME=Mohtaram
OS=Windows_NT
PROCESSOR_IDENTIFIER=Intel64 Family 6 Model 60 Stepping 3, GenuineIntel



---------------  S Y S T E M  ---------------

OS: Windows 10.0 , 64 bit Build 19041 (10.0.19041.5915)

CPU:total 4 (2 cores per cpu, 2 threads per core) family 6 model 60 stepping 3, cmov, cx8, fxsr, mmx, sse, sse2, sse3, ssse3, sse4.1, sse4.2, popcnt, avx, avx2, aes, clmul, erms, lzcnt, ht, tsc, tscinvbit, bmi1, bmi2

Memory: 4k page, physical 8291808k(1348688k free), swap 21191308k(5340k free)

vm_info: Java HotSpot(TM) 64-Bit Server VM (25.121-b13) for windows-amd64 JRE (1.8.0_121-b13), built on Dec 12 2016 18:21:36 by "java_re" with MS VC++ 10.0 (VS2010)

time: Mon Feb 02 09:47:12 2026
elapsed time: 0 seconds (0d 0h 0m 0s)

